[2025-10-11 04:58:13.320 AM] [32minfo[39m: 	[32mLogger initialized[39m
[2025-10-11 04:58:13.325 AM] [31merror[39m: 	[31muncaughtException: error is not defined[39m
[31mReferenceError: error is not defined[39m
[31m    at file:///workspaces/LVM-backend/backend/index.js:64:1[39m
[31m    at ModuleJob.run (node:internal/modules/esm/module_job:329:25)[39m
[31m    at async onImport.tracePromise.__proto__ (node:internal/modules/esm/loader:644:26)[39m
[31m    at async asyncRunEntryPointWithESMLoader (node:internal/modules/run_main:117:5)[39m
[2025-10-11 04:58:13.325 AM] [31merror[39m: 	[31muncaughtException: error is not defined[39m
[31mReferenceError: error is not defined[39m
[31m    at file:///workspaces/LVM-backend/backend/index.js:64:1[39m
[31m    at ModuleJob.run (node:internal/modules/esm/module_job:329:25)[39m
[31m    at async onImport.tracePromise.__proto__ (node:internal/modules/esm/loader:644:26)[39m
[31m    at async asyncRunEntryPointWithESMLoader (node:internal/modules/run_main:117:5)[39m
[2025-10-11 04:58:13.327 AM] [32minfo[39m: 	[32mServer is running on http://localhost:4000[39m
undefined
undefined
undefined
undefined
{"level":"info","message":"Logger initialized","timestamp":"2025-10-11 05:11:43.490 AM"}
{"date":"Sat Oct 11 2025 05:11:43 GMT+0000 (Coordinated Universal Time)","error":{},"exception":true,"level":"error","message":"uncaughtException: error is not defined\nReferenceError: error is not defined\n    at file:///workspaces/LVM-backend/backend/index.js:64:1\n    at ModuleJob.run (node:internal/modules/esm/module_job:329:25)\n    at async onImport.tracePromise.__proto__ (node:internal/modules/esm/loader:644:26)\n    at async asyncRunEntryPointWithESMLoader (node:internal/modules/run_main:117:5)","os":{"loadavg":[0.1,0.24,0.25],"uptime":21248.06},"process":{"argv":["/usr/local/share/nvm/versions/node/v22.17.0/bin/node","/workspaces/LVM-backend/backend/index.js"],"cwd":"/workspaces/LVM-backend/backend","execPath":"/usr/local/share/nvm/versions/node/v22.17.0/bin/node","gid":1000,"memoryUsage":{"arrayBuffers":18675,"external":2306457,"heapTotal":19070976,"heapUsed":11701352,"rss":71663616},"pid":126186,"uid":1000,"version":"v22.17.0"},"stack":"ReferenceError: error is not defined\n    at file:///workspaces/LVM-backend/backend/index.js:64:1\n    at ModuleJob.run (node:internal/modules/esm/module_job:329:25)\n    at async onImport.tracePromise.__proto__ (node:internal/modules/esm/loader:644:26)\n    at async asyncRunEntryPointWithESMLoader (node:internal/modules/run_main:117:5)","timestamp":"2025-10-11 05:11:43.495 AM","trace":[{"column":1,"file":"file:///workspaces/LVM-backend/backend/index.js","function":null,"line":64,"method":null,"native":false},{"column":25,"file":"node:internal/modules/esm/module_job","function":"ModuleJob.run","line":329,"method":"run","native":false},{"column":26,"file":"node:internal/modules/esm/loader","function":"async onImport.tracePromise.__proto__","line":644,"method":"__proto__","native":false},{"column":5,"file":"node:internal/modules/run_main","function":"async asyncRunEntryPointWithESMLoader","line":117,"method":null,"native":false}]}
{"date":"Sat Oct 11 2025 05:11:43 GMT+0000 (Coordinated Universal Time)","error":{},"exception":true,"level":"error","message":"uncaughtException: error is not defined\nReferenceError: error is not defined\n    at file:///workspaces/LVM-backend/backend/index.js:64:1\n    at ModuleJob.run (node:internal/modules/esm/module_job:329:25)\n    at async onImport.tracePromise.__proto__ (node:internal/modules/esm/loader:644:26)\n    at async asyncRunEntryPointWithESMLoader (node:internal/modules/run_main:117:5)","os":{"loadavg":[0.1,0.24,0.25],"uptime":21248.06},"process":{"argv":["/usr/local/share/nvm/versions/node/v22.17.0/bin/node","/workspaces/LVM-backend/backend/index.js"],"cwd":"/workspaces/LVM-backend/backend","execPath":"/usr/local/share/nvm/versions/node/v22.17.0/bin/node","gid":1000,"memoryUsage":{"arrayBuffers":18675,"external":2306457,"heapTotal":19070976,"heapUsed":11701352,"rss":71663616},"pid":126186,"uid":1000,"version":"v22.17.0"},"stack":"ReferenceError: error is not defined\n    at file:///workspaces/LVM-backend/backend/index.js:64:1\n    at ModuleJob.run (node:internal/modules/esm/module_job:329:25)\n    at async onImport.tracePromise.__proto__ (node:internal/modules/esm/loader:644:26)\n    at async asyncRunEntryPointWithESMLoader (node:internal/modules/run_main:117:5)","trace":[{"column":1,"file":"file:///workspaces/LVM-backend/backend/index.js","function":null,"line":64,"method":null,"native":false},{"column":25,"file":"node:internal/modules/esm/module_job","function":"ModuleJob.run","line":329,"method":"run","native":false},{"column":26,"file":"node:internal/modules/esm/loader","function":"async onImport.tracePromise.__proto__","line":644,"method":"__proto__","native":false},{"column":5,"file":"node:internal/modules/run_main","function":"async asyncRunEntryPointWithESMLoader","line":117,"method":null,"native":false}]}
{"level":"info","message":"Server is running on http://localhost:4000","timestamp":"2025-10-11 05:11:43.496 AM"}
